0 verbose cli /home/seye/.nvm/versions/node/v16.1.0/bin/node /home/seye/.nvm/versions/node/v16.1.0/bin/npm
1 info using npm@8.16.0
2 info using node@v16.1.0
3 timing npm:load:whichnode Completed in 0ms
4 timing config:load:defaults Completed in 1ms
5 timing config:load:file:/home/seye/.nvm/versions/node/v16.1.0/lib/node_modules/npm/npmrc Completed in 1ms
6 timing config:load:builtin Completed in 1ms
7 timing config:load:cli Completed in 3ms
8 timing config:load:env Completed in 0ms
9 timing config:load:file:/home/seye/Documents/PY_FILES/REACT NATIVE/auth-app/.npmrc Completed in 0ms
10 timing config:load:project Completed in 4ms
11 timing config:load:file:/home/seye/.npmrc Completed in 0ms
12 timing config:load:user Completed in 0ms
13 timing config:load:file:/home/seye/.nvm/versions/node/v16.1.0/etc/npmrc Completed in 0ms
14 timing config:load:global Completed in 0ms
15 timing config:load:validate Completed in 0ms
16 timing config:load:credentials Completed in 1ms
17 timing config:load:setEnvs Completed in 1ms
18 timing config:load Completed in 11ms
19 timing npm:load:configload Completed in 11ms
20 timing npm:load:mkdirpcache Completed in 2ms
21 timing npm:load:mkdirplogs Completed in 1ms
22 verbose title npm start
23 verbose argv "start" "--cache" "clear"
24 timing npm:load:setTitle Completed in 2ms
25 timing config:load:flatten Completed in 4ms
26 timing npm:load:display Completed in 6ms
27 verbose logfile logs-max:10 dir:/home/seye/Documents/PY_FILES/REACT NATIVE/auth-app/clear/_logs
28 verbose logfile /home/seye/Documents/PY_FILES/REACT NATIVE/auth-app/clear/_logs/2023-05-02T22_49_32_760Z-debug-0.log
29 timing npm:load:logFile Completed in 6ms
30 timing npm:load:timers Completed in 0ms
31 timing npm:load:configScope Completed in 0ms
32 timing npm:load Completed in 30ms
33 silly logfile done cleaning log files
34 http fetch GET 200 https://registry.npmjs.org/npm 3521ms (cache miss)
35 http fetch GET 200 https://registry.npmjs.org/npm 4247ms (cache miss)
36 timing command:run-script Completed in 414740ms
37 timing command:start Completed in 414745ms
38 notice
38 notice New [31mmajor[39m version of npm available! [31m8.16.0[39m -> [32m9.6.5[39m
38 notice Changelog: [36mhttps://github.com/npm/cli/releases/tag/v9.6.5[39m
38 notice Run [32mnpm install -g npm@9.6.5[39m to update!
38 notice
39 verbose exit 0
40 timing npm Completed in 414787ms
41 info ok
